Searching for matches by sequence identity...
  Parsing /home/jcoccia1/scr4_mavolio2/scratch_JC/stacks/PA/catalog_7_13_22/catalog.tags.tsv.gz
  Parsing /home/jcoccia1/scr4_mavolio2/scratch_JC/stacks/PA/catalog_7_13_22/catalog.snps.tsv.gz
  Parsing /home/jcoccia1/scr4_mavolio2/scratch_JC/stacks/PA/catalog_7_13_22/catalog.alleles.tsv.gz
Populating kmer dictionary for exact matches...done.
Populating kmer dictionary for gapped alignments...done.

Processing sample '/home/jcoccia1/scr4_mavolio2/scratch_JC/stacks/PA/catalog_7_13_22/PA.PX.PIE.M.1' [1 of 1]
  Parsing /home/jcoccia1/scr4_mavolio2/scratch_JC/stacks/PA/catalog_7_13_22/PA.PX.PIE.M.1.tags.tsv.gz
  Parsing /home/jcoccia1/scr4_mavolio2/scratch_JC/stacks/PA/catalog_7_13_22/PA.PX.PIE.M.1.snps.tsv.gz
  Parsing /home/jcoccia1/scr4_mavolio2/scratch_JC/stacks/PA/catalog_7_13_22/PA.PX.PIE.M.1.alleles.tsv.gz
Searching for sequence matches...
51079 sample loci compared against the catalog containing 446811 loci.
  4278 matching loci, 1372 contained no verified haplotypes.
  4 loci matched more than one catalog locus and were excluded.
  1368 loci contained SNPs unaccounted for in the catalog and were excluded.
  10285 total haplotypes examined from matching loci, 7720 verified.
Searching for gapped alignments...
Out of 51079 query loci, 48174 gapped alignments attempted.
  11650 loci matched one catalog locus; 167764 total haplotypes examined, 32573 verified.
  36524 loci matched no catalog locus;
    162 loci matched more than one catalog locus and were excluded.
    4501 loci contained SNPs unaccounted for in the catalog and were excluded.
    0 loci had no verified haplotypes.
    0 loci had inconsistent alignments to a catalog locus and were excluded.
Outputing to file /home/jcoccia1/scr4_mavolio2/scratch_JC/stacks/PA/catalog_7_13_22/PA.PX.PIE.M.1.matches.tsv.gz

sstacks is done.
Searching for matches by sequence identity...
  Parsing /home/jcoccia1/scr4_mavolio2/scratch_JC/stacks/PA/catalog_7_13_22/catalog.tags.tsv.gz
  Parsing /home/jcoccia1/scr4_mavolio2/scratch_JC/stacks/PA/catalog_7_13_22/catalog.snps.tsv.gz
  Parsing /home/jcoccia1/scr4_mavolio2/scratch_JC/stacks/PA/catalog_7_13_22/catalog.alleles.tsv.gz
Populating kmer dictionary for exact matches...done.
Populating kmer dictionary for gapped alignments...done.

Processing sample '/home/jcoccia1/scr4_mavolio2/scratch_JC/stacks/PA/catalog_7_13_22/PA.PX.PIE.M.2' [1 of 1]
  Parsing /home/jcoccia1/scr4_mavolio2/scratch_JC/stacks/PA/catalog_7_13_22/PA.PX.PIE.M.2.tags.tsv.gz
  Parsing /home/jcoccia1/scr4_mavolio2/scratch_JC/stacks/PA/catalog_7_13_22/PA.PX.PIE.M.2.snps.tsv.gz
  Parsing /home/jcoccia1/scr4_mavolio2/scratch_JC/stacks/PA/catalog_7_13_22/PA.PX.PIE.M.2.alleles.tsv.gz
Searching for sequence matches...
6302 sample loci compared against the catalog containing 446811 loci.
  109 matching loci, 16 contained no verified haplotypes.
  0 loci matched more than one catalog locus and were excluded.
  16 loci contained SNPs unaccounted for in the catalog and were excluded.
  230 total haplotypes examined from matching loci, 208 verified.
Searching for gapped alignments...
Out of 6302 query loci, 6209 gapped alignments attempted.
  2399 loci matched one catalog locus; 16099 total haplotypes examined, 4672 verified.
  3810 loci matched no catalog locus;
    44 loci matched more than one catalog locus and were excluded.
    496 loci contained SNPs unaccounted for in the catalog and were excluded.
    0 loci had no verified haplotypes.
    0 loci had inconsistent alignments to a catalog locus and were excluded.
Outputing to file /home/jcoccia1/scr4_mavolio2/scratch_JC/stacks/PA/catalog_7_13_22/PA.PX.PIE.M.2.matches.tsv.gz

sstacks is done.
Searching for matches by sequence identity...
  Parsing /home/jcoccia1/scr4_mavolio2/scratch_JC/stacks/PA/catalog_7_13_22/catalog.tags.tsv.gz
  Parsing /home/jcoccia1/scr4_mavolio2/scratch_JC/stacks/PA/catalog_7_13_22/catalog.snps.tsv.gz
  Parsing /home/jcoccia1/scr4_mavolio2/scratch_JC/stacks/PA/catalog_7_13_22/catalog.alleles.tsv.gz
Populating kmer dictionary for exact matches...done.
Populating kmer dictionary for gapped alignments...slurmstepd: error: *** JOB 9597244 ON c039 CANCELLED AT 2022-10-07T16:48:29 DUE TO TIME LIMIT ***
