Searching for matches by sequence identity...
  Parsing /home/jcoccia1/scr4_mavolio2/scratch_JC/stacks/TO/catalog_7_13_22/catalog.tags.tsv.gz
  Parsing /home/jcoccia1/scr4_mavolio2/scratch_JC/stacks/TO/catalog_7_13_22/catalog.snps.tsv.gz
  Parsing /home/jcoccia1/scr4_mavolio2/scratch_JC/stacks/TO/catalog_7_13_22/catalog.alleles.tsv.gz
Populating kmer dictionary for exact matches...done.
Populating kmer dictionary for gapped alignments...done.

Processing sample '/home/jcoccia1/scr4_mavolio2/scratch_JC/stacks/TO/catalog_7_13_22/TO.MN.L01-TO.PA.M.1' [1 of 1]
 Unable to open '/home/jcoccia1/scr4_mavolio2/scratch_JC/stacks/TO/catalog_7_13_22/TO.MN.L01-TO.PA.M.1'
Error: Unable to parse '/home/jcoccia1/scr4_mavolio2/scratch_JC/stacks/TO/catalog_7_13_22/TO.MN.L01-TO.PA.M.1'
Aborted.
Searching for matches by sequence identity...
  Parsing /home/jcoccia1/scr4_mavolio2/scratch_JC/stacks/TO/catalog_7_13_22/catalog.tags.tsv.gz
  Parsing /home/jcoccia1/scr4_mavolio2/scratch_JC/stacks/TO/catalog_7_13_22/catalog.snps.tsv.gz
  Parsing /home/jcoccia1/scr4_mavolio2/scratch_JC/stacks/TO/catalog_7_13_22/catalog.alleles.tsv.gz
Populating kmer dictionary for exact matches...done.
Populating kmer dictionary for gapped alignments...done.

Processing sample '/home/jcoccia1/scr4_mavolio2/scratch_JC/stacks/TO/catalog_7_13_22/TO.MN.L01-TO.PA.M.3' [1 of 1]
 Unable to open '/home/jcoccia1/scr4_mavolio2/scratch_JC/stacks/TO/catalog_7_13_22/TO.MN.L01-TO.PA.M.3'
Error: Unable to parse '/home/jcoccia1/scr4_mavolio2/scratch_JC/stacks/TO/catalog_7_13_22/TO.MN.L01-TO.PA.M.3'
Aborted.
Searching for matches by sequence identity...
  Parsing /home/jcoccia1/scr4_mavolio2/scratch_JC/stacks/TO/catalog_7_13_22/catalog.tags.tsv.gz
  Parsing /home/jcoccia1/scr4_mavolio2/scratch_JC/stacks/TO/catalog_7_13_22/catalog.snps.tsv.gz
  Parsing /home/jcoccia1/scr4_mavolio2/scratch_JC/stacks/TO/catalog_7_13_22/catalog.alleles.tsv.gz
Populating kmer dictionary for exact matches...done.
Populating kmer dictionary for gapped alignments...done.

Processing sample '/home/jcoccia1/scr4_mavolio2/scratch_JC/stacks/TO/catalog_7_13_22/TO.MN.L01-TO.PA.M.4' [1 of 1]
 Unable to open '/home/jcoccia1/scr4_mavolio2/scratch_JC/stacks/TO/catalog_7_13_22/TO.MN.L01-TO.PA.M.4'
Error: Unable to parse '/home/jcoccia1/scr4_mavolio2/scratch_JC/stacks/TO/catalog_7_13_22/TO.MN.L01-TO.PA.M.4'
Aborted.
Searching for matches by sequence identity...
  Parsing /home/jcoccia1/scr4_mavolio2/scratch_JC/stacks/TO/catalog_7_13_22/catalog.tags.tsv.gz
  Parsing /home/jcoccia1/scr4_mavolio2/scratch_JC/stacks/TO/catalog_7_13_22/catalog.snps.tsv.gz
  Parsing /home/jcoccia1/scr4_mavolio2/scratch_JC/stacks/TO/catalog_7_13_22/catalog.alleles.tsv.gz
Populating kmer dictionary for exact matches...done.
Populating kmer dictionary for gapped alignments...done.

Processing sample '/home/jcoccia1/scr4_mavolio2/scratch_JC/stacks/TO/catalog_7_13_22/TO.MN.L01-TO.PA.M.5' [1 of 1]
 Unable to open '/home/jcoccia1/scr4_mavolio2/scratch_JC/stacks/TO/catalog_7_13_22/TO.MN.L01-TO.PA.M.5'
Error: Unable to parse '/home/jcoccia1/scr4_mavolio2/scratch_JC/stacks/TO/catalog_7_13_22/TO.MN.L01-TO.PA.M.5'
Aborted.
