Searching for matches by sequence identity...
  Parsing /home/jcoccia1/scr4_mavolio2/scratch_JC/stacks/CD/catalog_7_13_22/catalog.tags.tsv.gz
  Parsing /home/jcoccia1/scr4_mavolio2/scratch_JC/stacks/CD/catalog_7_13_22/catalog.snps.tsv.gz
  Parsing /home/jcoccia1/scr4_mavolio2/scratch_JC/stacks/CD/catalog_7_13_22/catalog.alleles.tsv.gz
Populating kmer dictionary for exact matches...done.
Populating kmer dictionary for gapped alignments...done.

Processing sample '/home/jcoccia1/scr4_mavolio2/scratch_JC/stacks/CD/catalog_7_13_22/CD.LA.KIN.M.2' [1 of 1]
  Parsing /home/jcoccia1/scr4_mavolio2/scratch_JC/stacks/CD/catalog_7_13_22/CD.LA.KIN.M.2.tags.tsv.gz
  Parsing /home/jcoccia1/scr4_mavolio2/scratch_JC/stacks/CD/catalog_7_13_22/CD.LA.KIN.M.2.snps.tsv.gz
  Parsing /home/jcoccia1/scr4_mavolio2/scratch_JC/stacks/CD/catalog_7_13_22/CD.LA.KIN.M.2.alleles.tsv.gz
Searching for sequence matches...
22504 sample loci compared against the catalog containing 330484 loci.
  1256 matching loci, 259 contained no verified haplotypes.
  0 loci matched more than one catalog locus and were excluded.
  260 loci contained SNPs unaccounted for in the catalog and were excluded.
  3589 total haplotypes examined from matching loci, 3049 verified.
Searching for gapped alignments...
Out of 22504 query loci, 21508 gapped alignments attempted.
  7838 loci matched one catalog locus; 81408 total haplotypes examined, 25440 verified.
  13670 loci matched no catalog locus;
    114 loci matched more than one catalog locus and were excluded.
    1773 loci contained SNPs unaccounted for in the catalog and were excluded.
    0 loci had no verified haplotypes.
    0 loci had inconsistent alignments to a catalog locus and were excluded.
Outputing to file /home/jcoccia1/scr4_mavolio2/scratch_JC/stacks/CD/catalog_7_13_22/CD.LA.KIN.M.2.matches.tsv.gz

sstacks is done.
Searching for matches by sequence identity...
  Parsing /home/jcoccia1/scr4_mavolio2/scratch_JC/stacks/CD/catalog_7_13_22/catalog.tags.tsv.gz
  Parsing /home/jcoccia1/scr4_mavolio2/scratch_JC/stacks/CD/catalog_7_13_22/catalog.snps.tsv.gz
  Parsing /home/jcoccia1/scr4_mavolio2/scratch_JC/stacks/CD/catalog_7_13_22/catalog.alleles.tsv.gz
Populating kmer dictionary for exact matches...done.
Populating kmer dictionary for gapped alignments...done.

Processing sample '/home/jcoccia1/scr4_mavolio2/scratch_JC/stacks/CD/catalog_7_13_22/CD.LA.KIN.M.3' [1 of 1]
  Parsing /home/jcoccia1/scr4_mavolio2/scratch_JC/stacks/CD/catalog_7_13_22/CD.LA.KIN.M.3.tags.tsv.gz
  Parsing /home/jcoccia1/scr4_mavolio2/scratch_JC/stacks/CD/catalog_7_13_22/CD.LA.KIN.M.3.snps.tsv.gz
  Parsing /home/jcoccia1/scr4_mavolio2/scratch_JC/stacks/CD/catalog_7_13_22/CD.LA.KIN.M.3.alleles.tsv.gz
Searching for sequence matches...
25844 sample loci compared against the catalog containing 330484 loci.
  3119 matching loci, 35 contained no verified haplotypes.
  0 loci matched more than one catalog locus and were excluded.
  35 loci contained SNPs unaccounted for in the catalog and were excluded.
  10793 total haplotypes examined from matching loci, 10724 verified.
Searching for gapped alignments...
Out of 25844 query loci, 22760 gapped alignments attempted.
  14289 loci matched one catalog locus; 94142 total haplotypes examined, 52259 verified.
  8471 loci matched no catalog locus;
    172 loci matched more than one catalog locus and were excluded.
    1384 loci contained SNPs unaccounted for in the catalog and were excluded.
    0 loci had no verified haplotypes.
    0 loci had inconsistent alignments to a catalog locus and were excluded.
Outputing to file /home/jcoccia1/scr4_mavolio2/scratch_JC/stacks/CD/catalog_7_13_22/CD.LA.KIN.M.3.matches.tsv.gz

sstacks is done.
Searching for matches by sequence identity...
  Parsing /home/jcoccia1/scr4_mavolio2/scratch_JC/stacks/CD/catalog_7_13_22/catalog.tags.tsv.gz
  Parsing /home/jcoccia1/scr4_mavolio2/scratch_JC/stacks/CD/catalog_7_13_22/catalog.snps.tsv.gz
  Parsing /home/jcoccia1/scr4_mavolio2/scratch_JC/stacks/CD/catalog_7_13_22/catalog.alleles.tsv.gz
Populating kmer dictionary for exact matches...done.
Populating kmer dictionary for gapped alignments...done.

Processing sample '/home/jcoccia1/scr4_mavolio2/scratch_JC/stacks/CD/catalog_7_13_22/CD.LA.KIN.M.4' [1 of 1]
  Parsing /home/jcoccia1/scr4_mavolio2/scratch_JC/stacks/CD/catalog_7_13_22/CD.LA.KIN.M.4.tags.tsv.gz
  Parsing /home/jcoccia1/scr4_mavolio2/scratch_JC/stacks/CD/catalog_7_13_22/CD.LA.KIN.M.4.snps.tsv.gz
  Parsing /home/jcoccia1/scr4_mavolio2/scratch_JC/stacks/CD/catalog_7_13_22/CD.LA.KIN.M.4.alleles.tsv.gz
Searching for sequence matches...
16861 sample loci compared against the catalog containing 330484 loci.
  168 matching loci, 50 contained no verified haplotypes.
  0 loci matched more than one catalog locus and were excluded.
  50 loci contained SNPs unaccounted for in the catalog and were excluded.
  304 total haplotypes examined from matching loci, 228 verified.
Searching for gapped alignments...
Out of 16861 query loci, 16743 gapped alignments attempted.
  4294 loci matched one catalog locus; 44862 total haplotypes examined, 8551 verified.
  12449 loci matched no catalog locus;
    96 loci matched more than one catalog locus and were excluded.
    1136 loci contained SNPs unaccounted for in the catalog and were excluded.
    0 loci had no verified haplotypes.
    0 loci had inconsistent alignments to a catalog locus and were excluded.
Outputing to file /home/jcoccia1/scr4_mavolio2/scratch_JC/stacks/CD/catalog_7_13_22/CD.LA.KIN.M.4.matches.tsv.gz

sstacks is done.
Searching for matches by sequence identity...
  Parsing /home/jcoccia1/scr4_mavolio2/scratch_JC/stacks/CD/catalog_7_13_22/catalog.tags.tsv.gz
  Parsing /home/jcoccia1/scr4_mavolio2/scratch_JC/stacks/CD/catalog_7_13_22/catalog.snps.tsv.gz
  Parsing /home/jcoccia1/scr4_mavolio2/scratch_JC/stacks/CD/catalog_7_13_22/catalog.alleles.tsv.gz
Populating kmer dictionary for exact matches...done.
Populating kmer dictionary for gapped alignments...done.

Processing sample '/home/jcoccia1/scr4_mavolio2/scratch_JC/stacks/CD/catalog_7_13_22/CD.LA.KIN.M.5' [1 of 1]
  Parsing /home/jcoccia1/scr4_mavolio2/scratch_JC/stacks/CD/catalog_7_13_22/CD.LA.KIN.M.5.tags.tsv.gz
  Parsing /home/jcoccia1/scr4_mavolio2/scratch_JC/stacks/CD/catalog_7_13_22/CD.LA.KIN.M.5.snps.tsv.gz
  Parsing /home/jcoccia1/scr4_mavolio2/scratch_JC/stacks/CD/catalog_7_13_22/CD.LA.KIN.M.5.alleles.tsv.gz
Searching for sequence matches...
21100 sample loci compared against the catalog containing 330484 loci.
  2295 matching loci, 35 contained no verified haplotypes.
  0 loci matched more than one catalog locus and were excluded.
  35 loci contained SNPs unaccounted for in the catalog and were excluded.
  5617 total haplotypes examined from matching loci, 5557 verified.
Searching for gapped alignments...
Out of 21100 query loci, 18840 gapped alignments attempted.
  11990 loci matched one catalog locus; 61016 total haplotypes examined, 32966 verified.
  6850 loci matched no catalog locus;
    132 loci matched more than one catalog locus and were excluded.
    997 loci contained SNPs unaccounted for in the catalog and were excluded.
    0 loci had no verified haplotypes.
    0 loci had inconsistent alignments to a catalog locus and were excluded.
Outputing to file /home/jcoccia1/scr4_mavolio2/scratch_JC/stacks/CD/catalog_7_13_22/CD.LA.KIN.M.5.matches.tsv.gz

sstacks is done.
