Searching for matches by sequence identity...
  Parsing /home/jcoccia1/scr4_mavolio2/scratch_JC/stacks/EC/catalog_7_13_22/catalog.tags.tsv.gz
  Parsing /home/jcoccia1/scr4_mavolio2/scratch_JC/stacks/EC/catalog_7_13_22/catalog.snps.tsv.gz
  Parsing /home/jcoccia1/scr4_mavolio2/scratch_JC/stacks/EC/catalog_7_13_22/catalog.alleles.tsv.gz
Populating kmer dictionary for exact matches...done.
Populating kmer dictionary for gapped alignments...done.

Processing sample '/home/jcoccia1/scr4_mavolio2/scratch_JC/stacks/EC/catalog_7_13_22/EC.BA.CP.U.5' [1 of 1]
  Parsing /home/jcoccia1/scr4_mavolio2/scratch_JC/stacks/EC/catalog_7_13_22/EC.BA.CP.U.5.tags.tsv.gz
  Parsing /home/jcoccia1/scr4_mavolio2/scratch_JC/stacks/EC/catalog_7_13_22/EC.BA.CP.U.5.snps.tsv.gz
  Parsing /home/jcoccia1/scr4_mavolio2/scratch_JC/stacks/EC/catalog_7_13_22/EC.BA.CP.U.5.alleles.tsv.gz
Searching for sequence matches...
6999 sample loci compared against the catalog containing 91599 loci.
  1034 matching loci, 160 contained no verified haplotypes.
  0 loci matched more than one catalog locus and were excluded.
  160 loci contained SNPs unaccounted for in the catalog and were excluded.
  2518 total haplotypes examined from matching loci, 2210 verified.
Searching for gapped alignments...
Out of 6999 query loci, 6125 gapped alignments attempted.
  2144 loci matched one catalog locus; 18473 total haplotypes examined, 5865 verified.
  3981 loci matched no catalog locus;
    13 loci matched more than one catalog locus and were excluded.
    457 loci contained SNPs unaccounted for in the catalog and were excluded.
    0 loci had no verified haplotypes.
    0 loci had inconsistent alignments to a catalog locus and were excluded.
Outputing to file /home/jcoccia1/scr4_mavolio2/scratch_JC/stacks/EC/catalog_7_13_22/EC.BA.CP.U.5.matches.tsv.gz

sstacks is done.
Searching for matches by sequence identity...
  Parsing /home/jcoccia1/scr4_mavolio2/scratch_JC/stacks/EC/catalog_7_13_22/catalog.tags.tsv.gz
  Parsing /home/jcoccia1/scr4_mavolio2/scratch_JC/stacks/EC/catalog_7_13_22/catalog.snps.tsv.gz
  Parsing /home/jcoccia1/scr4_mavolio2/scratch_JC/stacks/EC/catalog_7_13_22/catalog.alleles.tsv.gz
Populating kmer dictionary for exact matches...done.
Populating kmer dictionary for gapped alignments...done.

Processing sample '/home/jcoccia1/scr4_mavolio2/scratch_JC/stacks/EC/catalog_7_13_22/EC.BA.ML.U.4' [1 of 1]
  Parsing /home/jcoccia1/scr4_mavolio2/scratch_JC/stacks/EC/catalog_7_13_22/EC.BA.ML.U.4.tags.tsv.gz
  Parsing /home/jcoccia1/scr4_mavolio2/scratch_JC/stacks/EC/catalog_7_13_22/EC.BA.ML.U.4.snps.tsv.gz
  Parsing /home/jcoccia1/scr4_mavolio2/scratch_JC/stacks/EC/catalog_7_13_22/EC.BA.ML.U.4.alleles.tsv.gz
Searching for sequence matches...
2253 sample loci compared against the catalog containing 91599 loci.
  40 matching loci, 5 contained no verified haplotypes.
  0 loci matched more than one catalog locus and were excluded.
  5 loci contained SNPs unaccounted for in the catalog and were excluded.
  110 total haplotypes examined from matching loci, 101 verified.
Searching for gapped alignments...
Out of 2253 query loci, 2218 gapped alignments attempted.
  1062 loci matched one catalog locus; 7889 total haplotypes examined, 3295 verified.
  1156 loci matched no catalog locus;
    21 loci matched more than one catalog locus and were excluded.
    161 loci contained SNPs unaccounted for in the catalog and were excluded.
    0 loci had no verified haplotypes.
    0 loci had inconsistent alignments to a catalog locus and were excluded.
Outputing to file /home/jcoccia1/scr4_mavolio2/scratch_JC/stacks/EC/catalog_7_13_22/EC.BA.ML.U.4.matches.tsv.gz

sstacks is done.
Searching for matches by sequence identity...
  Parsing /home/jcoccia1/scr4_mavolio2/scratch_JC/stacks/EC/catalog_7_13_22/catalog.tags.tsv.gz
  Parsing /home/jcoccia1/scr4_mavolio2/scratch_JC/stacks/EC/catalog_7_13_22/catalog.snps.tsv.gz
  Parsing /home/jcoccia1/scr4_mavolio2/scratch_JC/stacks/EC/catalog_7_13_22/catalog.alleles.tsv.gz
Populating kmer dictionary for exact matches...done.
Populating kmer dictionary for gapped alignments...done.

Processing sample '/home/jcoccia1/scr4_mavolio2/scratch_JC/stacks/EC/catalog_7_13_22/EC.LA.HOW.U.5' [1 of 1]
  Parsing /home/jcoccia1/scr4_mavolio2/scratch_JC/stacks/EC/catalog_7_13_22/EC.LA.HOW.U.5.tags.tsv.gz
  Parsing /home/jcoccia1/scr4_mavolio2/scratch_JC/stacks/EC/catalog_7_13_22/EC.LA.HOW.U.5.snps.tsv.gz
  Parsing /home/jcoccia1/scr4_mavolio2/scratch_JC/stacks/EC/catalog_7_13_22/EC.LA.HOW.U.5.alleles.tsv.gz
Searching for sequence matches...
9084 sample loci compared against the catalog containing 91599 loci.
  1394 matching loci, 120 contained no verified haplotypes.
  0 loci matched more than one catalog locus and were excluded.
  120 loci contained SNPs unaccounted for in the catalog and were excluded.
  3015 total haplotypes examined from matching loci, 2819 verified.
Searching for gapped alignments...
Out of 9084 query loci, 7810 gapped alignments attempted.
  3004 loci matched one catalog locus; 19784 total haplotypes examined, 6902 verified.
  4806 loci matched no catalog locus;
    16 loci matched more than one catalog locus and were excluded.
    459 loci contained SNPs unaccounted for in the catalog and were excluded.
    0 loci had no verified haplotypes.
    0 loci had inconsistent alignments to a catalog locus and were excluded.
Outputing to file /home/jcoccia1/scr4_mavolio2/scratch_JC/stacks/EC/catalog_7_13_22/EC.LA.HOW.U.5.matches.tsv.gz

sstacks is done.
Searching for matches by sequence identity...
  Parsing /home/jcoccia1/scr4_mavolio2/scratch_JC/stacks/EC/catalog_7_13_22/catalog.tags.tsv.gz
  Parsing /home/jcoccia1/scr4_mavolio2/scratch_JC/stacks/EC/catalog_7_13_22/catalog.snps.tsv.gz
  Parsing /home/jcoccia1/scr4_mavolio2/scratch_JC/stacks/EC/catalog_7_13_22/catalog.alleles.tsv.gz
Populating kmer dictionary for exact matches...done.
Populating kmer dictionary for gapped alignments...done.

Processing sample '/home/jcoccia1/scr4_mavolio2/scratch_JC/stacks/EC/catalog_7_13_22/' [1 of 1]
 Unable to open '/home/jcoccia1/scr4_mavolio2/scratch_JC/stacks/EC/catalog_7_13_22/'
Error: Unable to parse '/home/jcoccia1/scr4_mavolio2/scratch_JC/stacks/EC/catalog_7_13_22/'
Aborted.
