populations v2.60, executed 2022-10-09 14:38:10 (zlib-1.2.11)
populations -P /home/jcoccia1/scr4_mavolio2/scratch_JC/metapop_catalogs/CD_metapop_catalog/ -O /home/jcoccia1/scr4_mavolio2/scratch_JC/metapop_catalogs/CD_metapop_catalog/populations_20_pct/ -M /home/jcoccia1/scr4_mavolio2/scratch_JC/metapop_catalogs/CD_metapop_catalog/popmap_CD.txt -t 8 --structure --genepop --write-random-snp --verbose --vcf --min-samples-overall 20 --min-maf 0.05
Locus/sample distributions will be written to '/home/jcoccia1/scr4_mavolio2/scratch_JC/metapop_catalogs/CD_metapop_catalog/populations_20_pct/populations.log.distribs'.
populations parameters selected:
  Percent samples limit per population: 0
  Locus Population limit: 1
  Percent samples overall: 0.2
  Minor allele frequency cutoff: 0.05
  Maximum observed heterozygosity cutoff: 1
  Applying Fst correction: none.
  Pi/Fis kernel smoothing: off
  F-stats kernel smoothing: off
  Bootstrap resampling: off

Parsing population map...
The population map contained 186 samples, 3 population(s), 1 group(s).
Working on 186 samples.
Working on 3 population(s):
    Baltimore: CD.BA.AA.U.1, CD.BA.AA.U.3, CD.BA.AA.U.4, CD.BA.CP.U.2, CD.BA.CP.U.4, CD.BA.CP.U.5, CD.BA.FH.U.1, CD.BA.FH.U.3, CD.BA.FH.U.4, 
               CD.BA.FH.U.5, CD.BA.GA.U.1, CD.BA.GA.U.3, CD.BA.GA.U.4, CD.BA.GA.U.5, CD.BA.LA.U.1, CD.BA.LA.U.2, CD.BA.LA.U.3, CD.BA.LA.U.4, 
               CD.BA.LH-2.M.2, CD.BA.LH-2.M.3, CD.BA.LH-2.M.4, CD.BA.LH-2.M.5, CD.BA.LL-4.M.1, CD.BA.LL-4.M.2, CD.BA.LL-4.M.4, CD.BA.PIK.U.1, 
               CD.BA.PIK.U.2, CD.BA.PIK.U.4, CD.BA.PIK.U.5, CD.BA.PSP.M.1, CD.BA.PSP.M.4, CD.BA.RG-1.M.1, CD.BA.RG-1.M.2, CD.BA.TRC.U.1, 
               CD.BA.TRC.U.2, CD.BA.TRC.U.3, CD.BA.TRC.U.5, CD.BA.W3.M.1, CD.BA.W3.M.3, CD.BA.W3.M.4, CD.BA.W3.M.5, CD.BA.WB.U.1, CD.BA.WB.U.2, 
               CD.BA.WB.U.3, CD.BA.WB.U.4, CD.BA.WB.U.5, CD.BA.WBO.U.1, CD.BA.WBO.U.2, CD.BA.WBO.U.3, CD.BA.WBO.U.4, CD.BA.WBO.U.5, CD.BA.WGP.M.1, 
               CD.BA.WGP.M.2, CD.BA.WGP.M.3, CD.BA.WGP.M.4, CD.BA.WGP.M.5
    Los Angeles: CD.LA.ALL.M.1, CD.LA.ALL.M.2, CD.LA.ALL.M.3, CD.LA.ALL.M.4, CD.LA.ALL.M.5, CD.LA.GLO.M.2, CD.LA.GLO.M.4, CD.LA.GLO.M.5, CD.LA.HAR.M.1, 
                 CD.LA.HAR.M.3, CD.LA.HAR.M.4, CD.LA.HAR.M.5, CD.LA.KIN.M.1, CD.LA.KIN.M.2, CD.LA.KIN.M.3, CD.LA.KIN.M.4, CD.LA.KIN.M.5, CD.LA.LUB.M.2, 
                 CD.LA.LUB.M.3, CD.LA.LUB.M.5, CD.LA.MR2.M.1, CD.LA.MR2.M.2, CD.LA.MR2.M.3, CD.LA.MR2.M.4, CD.LA.MR2.M.5, CD.LA.NWH.M.1, CD.LA.NWH.M.2, 
                 CD.LA.NWH.M.3, CD.LA.NWH.M.4, CD.LA.NWH.M.5, CD.LA.ROS.M.1, CD.LA.ROS.M.3, CD.LA.ROS.M.5, CD.LA.SEP.M.1, CD.LA.SEP.M.2, CD.LA.SEP.M.3, 
                 CD.LA.SEP.M.4, CD.LA.SEP.M.5, CD.LA.VAL.M.2, CD.LA.VAL.M.3, CD.LA.VAL.M.4, CD.LA.VAL.M.5, CD.LA.WHI.M.1, CD.LA.WHI.M.2, CD.LA.WHI.M.3, 
                 CD.LA.ZOO.M.2, CD.LA.ZOO.M.3, CD.LA.ZOO.M.5
    Phoenix: CD.PX.ALA.M.1, CD.PX.ALA.M.2, CD.PX.ALA.M.4, CD.PX.ASH.U.1, CD.PX.ASH.U.3, CD.PX.ASH.U.4, CD.PX.ASH.U.5, CD.PX.ASU.M.1, CD.PX.ASU.M.2, 
             CD.PX.ASU.M.3, CD.PX.ASU.M.4, CD.PX.ASU.M.5, CD.PX.BUF.M.1, CD.PX.BUF.M.2, CD.PX.BUF.M.3, CD.PX.BUF.M.5, CD.PX.CAM.U.1, CD.PX.CAM.U.3, 
             CD.PX.CAM.U.5, CD.PX.CLA.M.1, CD.PX.CLA.M.2, CD.PX.CLA.M.3, CD.PX.CLA.M.4, CD.PX.COY.M.1, CD.PX.COY.M.2, CD.PX.COY.M.4, CD.PX.COY.M.5, 
             CD.PX.DF1.M.2, CD.PX.DF1.M.3, CD.PX.DF1.M.4, CD.PX.DF1.M.5, CD.PX.ENC.M.1, CD.PX.ENC.M.2, CD.PX.ENC.M.3, CD.PX.ENC.M.5, CD.PX.LAP.M.1, 
             CD.PX.LAP.M.3, CD.PX.LAP.M.4, CD.PX.LAP.M.5, CD.PX.MAN.M.1, CD.PX.MAN.M.2, CD.PX.MAN.M.3, CD.PX.MAN.M.4, CD.PX.MAN.M.5, CD.PX.MON.U.2, 
             CD.PX.MON.U.4, CD.PX.MON.U.5, CD.PX.MTN.M.2, CD.PX.MTN.M.3, CD.PX.MTN.M.4, CD.PX.MTN.M.5, CD.PX.NES.U.1, CD.PX.NES.U.2, CD.PX.NES.U.3, 
             CD.PX.NES.U.4, CD.PX.NES.U.5, CD.PX.NET.U.2, CD.PX.NET.U.4, CD.PX.NUE.M.2, CD.PX.NUE.M.5, CD.PX.PAL.M.1, CD.PX.PAL.M.3, CD.PX.PAL.M.4, 
             CD.PX.PAL.M.5, CD.PX.PKW.U.2, CD.PX.PKW.U.3, CD.PX.PKW.U.4, CD.PX.PKW.U.5, CD.PX.PSC.M.1, CD.PX.PSC.M.3, CD.PX.PSC.M.5, CD.PX.RPC.M.1, 
             CD.PX.RPC.M.3, CD.PX.RPC.M.4, CD.PX.RPC.M.5, CD.PX.RRT.U.2, CD.PX.RRT.U.4, CD.PX.RRT.U.5, CD.PX.WES.M.1, CD.PX.WES.M.3, CD.PX.WES.M.4, 
             CD.PX.WES.M.5
Working on 1 group(s) of populations:
    defaultgrp: Baltimore, Los Angeles, Phoenix

Polymorphic sites in Structure format will be written to '/home/jcoccia1/scr4_mavolio2/scratch_JC/metapop_catalogs/CD_metapop_catalog/populations_20_pct/populations.structure'
Polymorphic sites in GenePop format will be written to '/home/jcoccia1/scr4_mavolio2/scratch_JC/metapop_catalogs/CD_metapop_catalog/populations_20_pct/populations.snps.genepop'
SNPs and calls will be written in VCF format to '/home/jcoccia1/scr4_mavolio2/scratch_JC/metapop_catalogs/CD_metapop_catalog/populations_20_pct/populations.snps.vcf'
Raw haplotypes will be written to '/home/jcoccia1/scr4_mavolio2/scratch_JC/metapop_catalogs/CD_metapop_catalog/populations_20_pct/populations.haplotypes.tsv'
Population-level summary statistics will be written to '/home/jcoccia1/scr4_mavolio2/scratch_JC/metapop_catalogs/CD_metapop_catalog/populations_20_pct/populations.sumstats.tsv'
Population-level haplotype summary statistics will be written to '/home/jcoccia1/scr4_mavolio2/scratch_JC/metapop_catalogs/CD_metapop_catalog/populations_20_pct/populations.hapstats.tsv'

Processing data in batches:
  * load a batch of catalog loci and apply filters
  * compute SNP- and haplotype-wise per-population statistics
  * write the above statistics in the output files
  * export the genotypes/haplotypes in specified format(s)
More details in '/home/jcoccia1/scr4_mavolio2/scratch_JC/metapop_catalogs/CD_metapop_catalog/populations_20_pct/populations.log.distribs'.

Now processing...
Batch 1 

Removed 303233 loci that did not pass sample/population constraints from 306696 loci.
Kept 3463 loci, composed of 1200771 sites; 41249 of those sites were filtered, 2761 variant sites remained.
Number of loci with PE contig: 3463.00 (100.0%);
  Mean length of loci: 336.74bp (stderr 0.92);
Number of loci with SE/PE overlap: 81.00 (2.3%);
  Mean length of overlapping loci: 359.80bp (stderr 1.73); mean overlap: 16.30bp (stderr 0.30);
Mean genotyped sites per locus: 337.45bp (stderr 0.92).

Population summary statistics (more detail in populations.sumstats_summary.tsv):
  Baltimore: 10.663 samples per locus; pi: 0.15429; all/variant/polymorphic sites: 1135788/2704/1216; private alleles: 210
  Los Angeles: 13.016 samples per locus; pi: 0.23613; all/variant/polymorphic sites: 1168606/2761/2131; private alleles: 30
  Phoenix: 21.428 samples per locus; pi: 0.24518; all/variant/polymorphic sites: 1168606/2761/2256; private alleles: 270
Populations is done.
