populations v2.60, executed 2022-10-09 15:54:38 (zlib-1.2.11)
populations -P /home/jcoccia1/scr4_mavolio2/scratch_JC/metapop_catalogs/DS_metapop_catalog/ -O /home/jcoccia1/scr4_mavolio2/scratch_JC/metapop_catalogs/DS_metapop_catalog/populations_20_pct/ -M /home/jcoccia1/scr4_mavolio2/scratch_JC/metapop_catalogs/DS_metapop_catalog/popmap_DS.txt -t 8 --structure --genepop --write-random-snp --verbose --vcf --min-samples-overall 20 --min-maf 0.05
Locus/sample distributions will be written to '/home/jcoccia1/scr4_mavolio2/scratch_JC/metapop_catalogs/DS_metapop_catalog/populations_20_pct/populations.log.distribs'.
populations parameters selected:
  Percent samples limit per population: 0
  Locus Population limit: 1
  Percent samples overall: 0.2
  Minor allele frequency cutoff: 0.05
  Maximum observed heterozygosity cutoff: 1
  Applying Fst correction: none.
  Pi/Fis kernel smoothing: off
  F-stats kernel smoothing: off
  Bootstrap resampling: off

Parsing population map...
The population map contained 221 samples, 4 population(s), 1 group(s).
Working on 221 samples.
Working on 4 population(s):
    Baltimore: DS.BA.AA.U.1, DS.BA.AA.U.2, DS.BA.AA.U.4, DS.BA.CP.U.2, DS.BA.CP.U.5, DS.BA.DHI.U.1, DS.BA.DHI.U.3, DS.BA.DHI.U.4, DS.BA.DHI.U.5, 
               DS.BA.GA.U.1, DS.BA.GA.U.2, DS.BA.GA.U.3, DS.BA.GA.U.4, DS.BA.LA.U.1, DS.BA.LA.U.2, DS.BA.LA.U.3, DS.BA.LA.U.5, DS.BA.LH-1.M.1, 
               DS.BA.LH-1.M.2, DS.BA.LH-1.M.4, DS.BA.LH-2.M.1, DS.BA.LH-2.M.3, DS.BA.LH-2.M.5, DS.BA.LH-3.M.1, DS.BA.LH-3.M.2, DS.BA.LH-3.M.3, 
               DS.BA.LH-3.M.4, DS.BA.LH-3.M.5, DS.BA.LL-3.M.1, DS.BA.LL-3.M.3, DS.BA.LL-4.M.1, DS.BA.LL-4.M.3, DS.BA.LL-4.M.5, DS.BA.PIK.U.1, 
               DS.BA.PIK.U.3, DS.BA.PSP.M.2, DS.BA.PSP.M.5, DS.BA.RG-1.M.1, DS.BA.RG-1.M.3, DS.BA.RG-1.M.4, DS.BA.RG-2.M.2, DS.BA.RG-2.M.3, 
               DS.BA.RG-2.M.4, DS.BA.RG-2.M.5, DS.BA.TRC.U.2, DS.BA.TRC.U.3, DS.BA.TRC.U.4, DS.BA.TRC.U.5, DS.BA.W3.M.2, DS.BA.W3.M.3, DS.BA.W3.M.4, 
               DS.BA.WB.U.2, DS.BA.WB.U.3, DS.BA.WB.U.4, DS.BA.WB.U.5
    Boston: DS.BO.HC1.M.1, DS.BO.HC1.M.2, DS.BO.HC1.M.3, DS.BO.HC1.M.5, DS.BO.HC2.M.2, DS.BO.HC2.M.3, DS.BO.HC2.M.4, DS.BO.HC2.M.5, DS.BO.HC4.M.1, 
            DS.BO.HC4.M.3, DS.BO.HC4.M.5, DS.BO.I1.U.3, DS.BO.I2.U.1, DS.BO.I4.U.1, DS.BO.I4.U.3, DS.BO.I4.U.4, DS.BO.I4.U.5, DS.BO.LC1.M.1, 
            DS.BO.LC1.M.3, DS.BO.LC1.M.5, DS.BO.LC2.M.2, DS.BO.LC2.M.3, DS.BO.LC2.M.5, DS.BO.LC3.M.5, DS.BO.LC4.M.2, DS.BO.LC4.M.4, DS.BO.R1.U.1, 
            DS.BO.R1.U.2, DS.BO.R1.U.3, DS.BO.R1.U.4, DS.BO.R2.U.1, DS.BO.R2.U.2, DS.BO.R2.U.3, DS.BO.R2.U.5, DS.BO.R3.U.1, DS.BO.R3.U.4, 
            DS.BO.R4.U.1, DS.BO.R4.U.2, DS.BO.R4.U.4, DS.BO.R4.U.5, DS.BO.WL1.M.1, DS.BO.WL1.M.2, DS.BO.WL2.M.1, DS.BO.WL2.M.3, DS.BO.WL3.M.1, 
            DS.BO.WL3.M.3, DS.BO.WL3.M.5, DS.BO.WL4.M.2, DS.BO.WL4.M.3, DS.BO.WL4.M.5
    Minneapolis: DS.MN.L01-DS.M.1, DS.MN.L01-DS.M.2, DS.MN.L01-DS.M.3, DS.MN.L01-DS.M.5, DS.MN.L01-DS.U.2, DS.MN.L01-DS.U.3, DS.MN.L01-DS.U.4, 
                 DS.MN.L02-DS.M.2, DS.MN.L02-DS.M.4, DS.MN.L02-DS.M.5, DS.MN.L02-DS.U.1, DS.MN.L02-DS.U.2, DS.MN.L02-DS.U.3, DS.MN.L02-DS.U.4, 
                 DS.MN.L03-DS.M.1, DS.MN.L03-DS.M.2, DS.MN.L03-DS.M.4, DS.MN.L03-DS.M.5, DS.MN.L03-DS.U.1, DS.MN.L03-DS.U.2, DS.MN.L03-DS.U.3, 
                 DS.MN.L03-DS.U.4, DS.MN.L03-DS.U.5, DS.MN.L04-DS.M.1, DS.MN.L04-DS.M.2, DS.MN.L04-DS.M.3, DS.MN.L04-DS.M.5, DS.MN.L04-DS.U.4, 
                 DS.MN.L04-DS.U.5, DS.MN.L05-DS.M.3, DS.MN.L05-DS.M.5, DS.MN.L05-DS.U.1, DS.MN.L05-DS.U.2, DS.MN.L05-DS.U.4, DS.MN.L06-DS.M.1, 
                 DS.MN.L06-DS.M.2, DS.MN.L06-DS.M.4, DS.MN.L06-DS.U.1, DS.MN.L06-DS.U.2, DS.MN.L06-DS.U.3, DS.MN.L06-DS.U.4, DS.MN.L06-DS.U.5, 
                 DS.MN.L07-DS.M.1, DS.MN.L07-DS.M.3, DS.MN.L07-DS.M.4, DS.MN.L07-DS.U.1, DS.MN.L07-DS.U.3, DS.MN.L07-DS.U.5, DS.MN.L08-DS.M.2, 
                 DS.MN.L08-DS.M.4, DS.MN.L08-DS.M.5, DS.MN.L08-DS.U.1, DS.MN.L08-DS.U.2, DS.MN.L08-DS.U.3, DS.MN.L08-DS.U.5, DS.MN.L09-DS.M.1, 
                 DS.MN.L09-DS.M.2, DS.MN.L09-DS.M.3, DS.MN.L09-DS.M.5, DS.MN.L09-DS.U.2, DS.MN.L09-DS.U.3, DS.MN.L09-DS.U.4, DS.MN.L09-DS.U.5, 
                 DS.MN.L10-DS.M.3, DS.MN.L10-DS.M.5, DS.MN.L10-DS.U.1, DS.MN.L10-DS.U.3, DS.MN.L10-DS.U.5, DS.MN.L11-DS.M.1, DS.MN.L11-DS.M.2, 
                 DS.MN.L11-DS.M.3, DS.MN.L11-DS.M.4, DS.MN.L11-DS.M.5, DS.MN.L11-DS.U.1, DS.MN.L11-DS.U.2, DS.MN.L11-DS.U.3, DS.MN.L11-DS.U.4, 
                 DS.MN.L11-DS.U.5, DS.MN.L12-DS.M.2, DS.MN.L12-DS.M.5
    Phoenix: DS.PX.ALA.M.1, DS.PX.BUF.M.1, DS.PX.CLA.M.1, DS.PX.DF1.M.1, DS.PX.DF2.M.1, DS.PX.DF2.M.2, DS.PX.DF2.M.3, DS.PX.DOW.M.1, DS.PX.DOW.M.2, 
             DS.PX.DOW.M.3, DS.PX.DOW.M.4, DS.PX.DOW.M.5, DS.PX.ENC.M.1, DS.PX.ENC.M.2, DS.PX.ENC.M.3, DS.PX.ENC.M.4, DS.PX.ENC.M.5, DS.PX.LAP.M.1, 
             DS.PX.LAP.M.2, DS.PX.LAP.M.3, DS.PX.LAP.M.5, DS.PX.LAP.M.6, DS.PX.MTN.M.2, DS.PX.MTN.M.4, DS.PX.MTN.M.5, DS.PX.MTN.M.6, DS.PX.NUE.M.2, 
             DS.PX.NUE.M.4, DS.PX.PIE.M.1, DS.PX.PIE.M.2, DS.PX.PIE.M.3, DS.PX.PIE.M.4, DS.PX.WES.M.1, DS.PX.WES.M.2, DS.PX.WES.M.3, DS.PX.WES.M.5
Working on 1 group(s) of populations:
    defaultgrp: Baltimore, Boston, Minneapolis, Phoenix

Polymorphic sites in Structure format will be written to '/home/jcoccia1/scr4_mavolio2/scratch_JC/metapop_catalogs/DS_metapop_catalog/populations_20_pct/populations.structure'
Polymorphic sites in GenePop format will be written to '/home/jcoccia1/scr4_mavolio2/scratch_JC/metapop_catalogs/DS_metapop_catalog/populations_20_pct/populations.snps.genepop'
SNPs and calls will be written in VCF format to '/home/jcoccia1/scr4_mavolio2/scratch_JC/metapop_catalogs/DS_metapop_catalog/populations_20_pct/populations.snps.vcf'
Raw haplotypes will be written to '/home/jcoccia1/scr4_mavolio2/scratch_JC/metapop_catalogs/DS_metapop_catalog/populations_20_pct/populations.haplotypes.tsv'
Population-level summary statistics will be written to '/home/jcoccia1/scr4_mavolio2/scratch_JC/metapop_catalogs/DS_metapop_catalog/populations_20_pct/populations.sumstats.tsv'
Population-level haplotype summary statistics will be written to '/home/jcoccia1/scr4_mavolio2/scratch_JC/metapop_catalogs/DS_metapop_catalog/populations_20_pct/populations.hapstats.tsv'

Processing data in batches:
  * load a batch of catalog loci and apply filters
  * compute SNP- and haplotype-wise per-population statistics
  * write the above statistics in the output files
  * export the genotypes/haplotypes in specified format(s)
More details in '/home/jcoccia1/scr4_mavolio2/scratch_JC/metapop_catalogs/DS_metapop_catalog/populations_20_pct/populations.log.distribs'.

Now processing...
Batch 1 

Removed 185436 loci that did not pass sample/population constraints from 190243 loci.
Kept 4807 loci, composed of 1602096 sites; 23554 of those sites were filtered, 2530 variant sites remained.
Number of loci with PE contig: 4807.00 (100.0%);
  Mean length of loci: 323.28bp (stderr 0.64);
Number of loci with SE/PE overlap: 86.00 (1.8%);
  Mean length of overlapping loci: 323.92bp (stderr 1.05); mean overlap: 11.65bp (stderr 0.17);
Mean genotyped sites per locus: 323.87bp (stderr 0.64).

Population summary statistics (more detail in populations.sumstats_summary.tsv):
  Baltimore: 16.418 samples per locus; pi: 0.30926; all/variant/polymorphic sites: 1555562/2529/2053; private alleles: 249
  Boston: 12.527 samples per locus; pi: 0.30796; all/variant/polymorphic sites: 1556860/2530/2112; private alleles: 63
  Minneapolis: 26.856 samples per locus; pi: 0.20582; all/variant/polymorphic sites: 1556267/2529/1566; private alleles: 49
  Phoenix: 2.0476 samples per locus; pi: 0.21361; all/variant/polymorphic sites: 315162/462/106; private alleles: 43
Populations is done.
