populations v2.60, executed 2022-10-09 15:10:46 (zlib-1.2.11)
populations -P /home/jcoccia1/scr4_mavolio2/scratch_JC/metapop_catalogs/EC_metapop_catalog/ -O /home/jcoccia1/scr4_mavolio2/scratch_JC/metapop_catalogs/EC_metapop_catalog/populations_20_pct/ -M /home/jcoccia1/scr4_mavolio2/scratch_JC/metapop_catalogs/EC_metapop_catalog/popmap_EC.txt -t 8 --structure --genepop --write-random-snp --verbose --vcf --min-samples-overall 20 --min-maf 0.05
Locus/sample distributions will be written to '/home/jcoccia1/scr4_mavolio2/scratch_JC/metapop_catalogs/EC_metapop_catalog/populations_20_pct/populations.log.distribs'.
populations parameters selected:
  Percent samples limit per population: 0
  Locus Population limit: 1
  Percent samples overall: 0.2
  Minor allele frequency cutoff: 0.05
  Maximum observed heterozygosity cutoff: 1
  Applying Fst correction: none.
  Pi/Fis kernel smoothing: off
  F-stats kernel smoothing: off
  Bootstrap resampling: off

Parsing population map...
The population map contained 107 samples, 3 population(s), 1 group(s).
Working on 107 samples.
Working on 3 population(s):
    Baltimore: EC.BA.CP.U.2, EC.BA.CP.U.4, EC.BA.CP.U.5, EC.BA.FH.U.1, EC.BA.FH.U.2, EC.BA.FH.U.3, EC.BA.FH.U.4, EC.BA.FH.U.5, EC.BA.GA.U.1, 
               EC.BA.GA.U.2, EC.BA.GA.U.3, EC.BA.GA.U.4, EC.BA.GA.U.5, EC.BA.LH-2.M.1, EC.BA.LH-2.M.2, EC.BA.LH-3.M.1, EC.BA.LH-3.M.5, EC.BA.LL-3.M.3, 
               EC.BA.LL-3.M.5, EC.BA.LL-4.M.1, EC.BA.LL-4.M.2, EC.BA.LL-4.M.4, EC.BA.ML.U.1, EC.BA.ML.U.3, EC.BA.ML.U.4, EC.BA.PIK.U.2, 
               EC.BA.PIK.U.3, EC.BA.PIK.U.5, EC.BA.PSP.M.1, EC.BA.PSP.M.4, EC.BA.PSP.M.5, EC.BA.TRC.U.1, EC.BA.TRC.U.2, EC.BA.TRC.U.3, EC.BA.TRC.U.4, 
               EC.BA.TRC.U.5, EC.BA.WB.U.1, EC.BA.WB.U.3, EC.BA.WB.U.4, EC.BA.WB.U.5, EC.BA.WBO.U.4
    Phoenix: EC.PX.ALA.M.2, EC.PX.ALA.M.3, EC.PX.ALA.M.5, EC.PX.BUF.M.1, EC.PX.BUF.M.3, EC.PX.BUF.M.6, EC.PX.CLA.M.1, EC.PX.COY.M.1, EC.PX.COY.M.2, 
             EC.PX.COY.M.3, EC.PX.COY.M.5, EC.PX.DF1.M.1, EC.PX.DF1.M.2, EC.PX.DOW.M.1, EC.PX.DOW.M.2, EC.PX.DOW.M.3, EC.PX.DOW.M.4, EC.PX.MAN.M.1, 
             EC.PX.MAN.M.4, EC.PX.MTN.M.2, EC.PX.MTN.M.3, EC.PX.NUE.M.2, EC.PX.PSC.M.1, EC.PX.PSC.M.2, EC.PX.PSC.M.4, EC.PX.WES.M.1, EC.PX.WES.M.2, 
             EC.PX.WES.M.3, EC.PX.WES.M.4
    Los Angeles: EC.LA.AC1.U.1, EC.LA.AC1.U.2, EC.LA.AC1.U.3, EC.LA.AC1.U.4, EC.LA.AC2.U.1, EC.LA.AC2.U.2, EC.LA.AC2.U.4, EC.LA.DUR.U.1, EC.LA.DUR.U.2, 
                 EC.LA.DUR.U.4, EC.LA.HOW.U.1, EC.LA.HOW.U.2, EC.LA.HOW.U.3, EC.LA.HOW.U.4, EC.LA.HOW.U.5, EC.LA.SAN.U.2, EC.LA.SAN.U.4, EC.LA.SAN.U.5, 
                 EC.LA.SGB.U.1, EC.LA.SGB.U.2, EC.LA.SGB.U.3, EC.LA.SGB.U.4, EC.LA.SGB.U.5, EC.LA.SGR.U.2, EC.LA.SGR.U.3, EC.LA.SGR.U.4, EC.LA.SGR.U.5, 
                 EC.LA.VB1.U.1, EC.LA.VB1.U.3, EC.LA.VB1.U.4, EC.LA.VB1.U.5, EC.LA.VB2.U.1, EC.LA.VB2.U.4, EC.LA.VER.U.1, EC.LA.VER.U.2, EC.LA.VER.U.3, 
                 EC.LA.VER.U.4
Working on 1 group(s) of populations:
    defaultgrp: Baltimore, Phoenix, Los Angeles

Polymorphic sites in Structure format will be written to '/home/jcoccia1/scr4_mavolio2/scratch_JC/metapop_catalogs/EC_metapop_catalog/populations_20_pct/populations.structure'
Polymorphic sites in GenePop format will be written to '/home/jcoccia1/scr4_mavolio2/scratch_JC/metapop_catalogs/EC_metapop_catalog/populations_20_pct/populations.snps.genepop'
Warning: Genepop: The order in which samples appear was modified (as the input population map is not sorted).SNPs and calls will be written in VCF format to '/home/jcoccia1/scr4_mavolio2/scratch_JC/metapop_catalogs/EC_metapop_catalog/populations_20_pct/populations.snps.vcf'
Raw haplotypes will be written to '/home/jcoccia1/scr4_mavolio2/scratch_JC/metapop_catalogs/EC_metapop_catalog/populations_20_pct/populations.haplotypes.tsv'
Population-level summary statistics will be written to '/home/jcoccia1/scr4_mavolio2/scratch_JC/metapop_catalogs/EC_metapop_catalog/populations_20_pct/populations.sumstats.tsv'
Population-level haplotype summary statistics will be written to '/home/jcoccia1/scr4_mavolio2/scratch_JC/metapop_catalogs/EC_metapop_catalog/populations_20_pct/populations.hapstats.tsv'

Processing data in batches:
  * load a batch of catalog loci and apply filters
  * compute SNP- and haplotype-wise per-population statistics
  * write the above statistics in the output files
  * export the genotypes/haplotypes in specified format(s)
More details in '/home/jcoccia1/scr4_mavolio2/scratch_JC/metapop_catalogs/EC_metapop_catalog/populations_20_pct/populations.log.distribs'.

Now processing...
Batch 1 

Removed 80949 loci that did not pass sample/population constraints from 83965 loci.
Kept 3016 loci, composed of 1217430 sites; 14866 of those sites were filtered, 2513 variant sites remained.
Number of loci with PE contig: 3016.00 (100.0%);
  Mean length of loci: 393.66bp (stderr 1.60);
Number of loci with SE/PE overlap: 384.00 (12.7%);
  Mean length of overlapping loci: 477.55bp (stderr 1.71); mean overlap: 21.89bp (stderr 0.18);
Mean genotyped sites per locus: 395.74bp (stderr 1.63).

Population summary statistics (more detail in populations.sumstats_summary.tsv):
  Baltimore: 11.202 samples per locus; pi: 0.16357; all/variant/polymorphic sites: 1190263/2507/1005; private alleles: 333
  Phoenix: 5.984 samples per locus; pi: 0.17631; all/variant/polymorphic sites: 938806/2061/730; private alleles: 1001
  Los Angeles: 12.311 samples per locus; pi: 0.16409; all/variant/polymorphic sites: 1189813/2501/1030; private alleles: 365
Populations is done.
